<?xml version="1.0" encoding="UTF-8"?>
<!-- Generated by org.testng.reporters.JUnitReportReporter -->
<testsuite hostname="BM-IN-0035" failures="0" tests="1" name="FC.FanCodeTest.IdentifyFanCodeUsersTest" time="3.003" errors="0" timestamp="2024-07-13T14:56:09 IST" skipped="0">
  <testcase classname="FC.FanCodeTest.IdentifyFanCodeUsersTest" name="setup" time="3.003"/>
  <system-out/>
</testsuite> <!-- FC.FanCodeTest.IdentifyFanCodeUsersTest -->
