<?xml version="1.0" encoding="UTF-8"?>
<!-- Generated by org.testng.reporters.JUnitReportReporter -->
<testsuite hostname="BM-IN-0035" failures="0" tests="1" name="FC.FanCodeTest.FanCodeTodosTest" time="0.227" errors="0" timestamp="2024-07-13T14:56:09 IST" skipped="0">
  <testcase classname="FC.FanCodeTest.FanCodeTodosTest" name="testTodosForFanCodeUsers" time="0.227"/>
  <system-out/>
</testsuite> <!-- FC.FanCodeTest.FanCodeTodosTest -->
