<?xml version="1.0" encoding="UTF-8"?>
<!-- Generated by org.testng.reporters.JUnitReportReporter -->
<testsuite hostname="BM-IN-0035" failures="0" tests="1" name="FanCodeTest.IdentifyFanCodeUsersTest" time="0.016" errors="0" timestamp="2024-07-12T21:26:26 IST" skipped="0">
  <testcase classname="FanCodeTest.IdentifyFanCodeUsersTest" name="testFanCodeUsersIdentification" time="0.016"/>
  <system-out/>
</testsuite> <!-- FanCodeTest.IdentifyFanCodeUsersTest -->
