<?xml version="1.0" encoding="UTF-8"?>
<!-- Generated by org.testng.reporters.JUnitReportReporter -->
<testsuite hostname="BM-IN-0035" failures="0" tests="1" name="FanCodeTest.TodoTest" time="0.008" errors="0" timestamp="2024-07-12T16:51:12 IST" skipped="0">
  <testcase classname="FanCodeTest.TodoTest" name="testTodoAPI" time="0.008"/>
  <system-out/>
</testsuite> <!-- FanCodeTest.TodoTest -->
